ProjecteM13/app/build/intermediates/manifest_merge_blame_file/debug/manifest-merger-blame-debug-report.txt
1<?xml version="1.0" encoding="utf-8"?>
2<manifest xmlns:android="http://schemas.android.com/apk/res/android"
3    package="org.insbaixcamp.projectem13"
4    android:versionCode="1"
5    android:versionName="1.0" >
6
7    <uses-sdk
8        android:minSdkVersion="22"
8-->src\main\AndroidManifest.xml
9        android:targetSdkVersion="28" />
9-->src\main\AndroidManifest.xml
10    <!--
11         The ACCESS_COARSE/FINE_LOCATION permissions are not required to use
12         Google Maps Android API v2, but you must specify either coarse or fine
13         location permissions for the 'MyLocation' functionality.
14    -->
15    <uses-permission android:name="android.permission.ACCESS_FINE_LOCATION" />
15-->src\main\AndroidManifest.xml:9:5-79
15-->src\main\AndroidManifest.xml:9:22-76
16    <uses-permission android:name="android.permission.INTERNET" />
16-->src\main\AndroidManifest.xml:10:5-67
16-->src\main\AndroidManifest.xml:10:22-64
17    <uses-permission android:name="android.permission.ACCESS_NETWORK_STATE" />
17-->[com.firebaseui:firebase-ui-auth:4.3.1] AndroidManifest.xml:12:5-79
17-->[com.firebaseui:firebase-ui-auth:4.3.1] AndroidManifest.xml:12:22-76
18
19    <uses-feature
19-->[com.google.android.gms:play-services-maps:17.0.0] AndroidManifest.xml:26:5-28:35
20        android:glEsVersion="0x00020000"
20-->[com.google.android.gms:play-services-maps:17.0.0] AndroidManifest.xml:27:9-41
21        android:required="true" />
21-->[com.google.android.gms:play-services-maps:17.0.0] AndroidManifest.xml:28:9-32
22
23    <uses-permission android:name="android.permission.WAKE_LOCK" /> <!-- Required by older versions of Google Play services to create IID tokens -->
23-->[com.google.android.gms:play-services-measurement-api:17.4.2] AndroidManifest.xml:24:5-68
23-->[com.google.android.gms:play-services-measurement-api:17.4.2] AndroidManifest.xml:24:22-65
24    <uses-permission android:name="com.google.android.c2dm.permission.RECEIVE" />
24-->[com.google.firebase:firebase-iid:20.1.5] AndroidManifest.xml:26:5-82
24-->[com.google.firebase:firebase-iid:20.1.5] AndroidManifest.xml:26:22-79
25    <uses-permission android:name="com.google.android.finsky.permission.BIND_GET_INSTALL_REFERRER_SERVICE" />
25-->[com.google.android.gms:play-services-measurement:17.4.2] AndroidManifest.xml:26:5-110
25-->[com.google.android.gms:play-services-measurement:17.4.2] AndroidManifest.xml:26:22-107
26
27    <application
27-->src\main\AndroidManifest.xml:12:5-57:19
28        android:allowBackup="true"
28-->src\main\AndroidManifest.xml:13:9-35
29        android:appComponentFactory="androidx.core.app.CoreComponentFactory"
29-->[androidx.core:core:1.1.0] AndroidManifest.xml:24:18-86
30        android:debuggable="true"
31        android:icon="@mipmap/ic_launcher"
31-->src\main\AndroidManifest.xml:14:9-43
32        android:label="@string/app_name"
32-->src\main\AndroidManifest.xml:15:9-41
33        android:roundIcon="@mipmap/ic_launcher_round"
33-->src\main\AndroidManifest.xml:16:9-54
34        android:supportsRtl="true"
34-->src\main\AndroidManifest.xml:17:9-35
35        android:theme="@style/AppTheme"
35-->src\main\AndroidManifest.xml:18:9-40
36        android:usesCleartextTraffic="true" >
36-->src\main\AndroidManifest.xml:19:9-44
37        <activity android:name="org.insbaixcamp.projectem13.activities.reservation.BaseActivity" />
37-->src\main\AndroidManifest.xml:20:9-82
37-->src\main\AndroidManifest.xml:20:19-70
38        <activity android:name="org.insbaixcamp.projectem13.activities.reservation.CalendarActivity" />
38-->src\main\AndroidManifest.xml:21:9-77
38-->src\main\AndroidManifest.xml:21:19-74
39        <activity android:name="org.insbaixcamp.projectem13.activities.reservation.LoginActivity" />
39-->src\main\AndroidManifest.xml:22:9-74
39-->src\main\AndroidManifest.xml:22:19-71
40        <activity android:name="org.insbaixcamp.projectem13.activities.ServicesActivity" />
40-->src\main\AndroidManifest.xml:23:9-65
40-->src\main\AndroidManifest.xml:23:19-62
41        <activity android:name="org.insbaixcamp.projectem13.activities.ContactActivity" />
41-->src\main\AndroidManifest.xml:24:9-64
41-->src\main\AndroidManifest.xml:24:19-61
42        <!--
43             The API key for Google Maps-based APIs is defined as a string resource.
44             (See the file "res/values/google_maps_api.xml").
45             Note that the API key is linked to the encryption key used to sign the APK.
46             You need a different API key for each encryption key, including the release key that is used to
47             sign the APK for publishing.
48             You can define the keys for the debug and release targets in src/debug/ and src/release/.
49        -->
50        <meta-data
50-->src\main\AndroidManifest.xml:33:9-35:55
51            android:name="com.google.android.geo.API_KEY"
51-->src\main\AndroidManifest.xml:34:13-58
52            android:value="@string/google_maps_key" />
52-->src\main\AndroidManifest.xml:35:13-52
53        <meta-data
53-->src\main\AndroidManifest.xml:36:9-38:37
54            android:name="android.webkit.WebView.EnableSafeBrowsing"
54-->src\main\AndroidManifest.xml:37:13-69
55            android:value="false" />
55-->src\main\AndroidManifest.xml:38:13-34
56
57        <activity
57-->src\main\AndroidManifest.xml:40:9-42:58
58            android:name="org.insbaixcamp.projectem13.activities.MapActivity"
58-->src\main\AndroidManifest.xml:41:13-51
59            android:label="@string/title_activity_map" />
59-->src\main\AndroidManifest.xml:42:13-55
60        <activity
60-->src\main\AndroidManifest.xml:43:9-53:20
61            android:name="org.insbaixcamp.projectem13.activities.CoverActivity"
61-->src\main\AndroidManifest.xml:44:13-53
62            android:configChanges="orientation|keyboardHidden|screenSize"
62-->src\main\AndroidManifest.xml:45:13-74
63            android:label="@string/title_activity_cover"
63-->src\main\AndroidManifest.xml:46:13-57
64            android:theme="@style/FullscreenTheme" >
64-->src\main\AndroidManifest.xml:47:13-51
65            <intent-filter>
65-->src\main\AndroidManifest.xml:48:13-52:29
66                <action android:name="android.intent.action.MAIN" />
66-->src\main\AndroidManifest.xml:49:17-69
66-->src\main\AndroidManifest.xml:49:25-66
67
68                <category android:name="android.intent.category.LAUNCHER" />
68-->src\main\AndroidManifest.xml:51:17-77
68-->src\main\AndroidManifest.xml:51:27-74
69            </intent-filter>
70        </activity>
71        <activity
71-->src\main\AndroidManifest.xml:54:9-56:77
72            android:name="org.insbaixcamp.projectem13.activities.MainActivity"
72-->src\main\AndroidManifest.xml:55:13-52
73            android:configChanges="orientation|keyboardHidden|screenSize" />
73-->src\main\AndroidManifest.xml:56:13-74
74
75        <meta-data
75-->[com.firebaseui:firebase-ui-auth:4.3.1] AndroidManifest.xml:16:9-18:69
76            android:name="com.google.android.gms.version"
76-->[com.firebaseui:firebase-ui-auth:4.3.1] AndroidManifest.xml:17:13-58
77            android:value="@integer/google_play_services_version" />
77-->[com.firebaseui:firebase-ui-auth:4.3.1] AndroidManifest.xml:18:13-66
78        <meta-data
78-->[com.firebaseui:firebase-ui-auth:4.3.1] AndroidManifest.xml:19:9-21:63
79            android:name="com.facebook.sdk.ApplicationId"
79-->[com.firebaseui:firebase-ui-auth:4.3.1] AndroidManifest.xml:20:13-58
80            android:value="@string/facebook_application_id" />
80-->[com.firebaseui:firebase-ui-auth:4.3.1] AndroidManifest.xml:21:13-60
81
82        <activity
82-->[com.firebaseui:firebase-ui-auth:4.3.1] AndroidManifest.xml:23:9-27:61
83            android:name="com.firebase.ui.auth.KickoffActivity"
83-->[com.firebaseui:firebase-ui-auth:4.3.1] AndroidManifest.xml:24:13-64
84            android:exported="false"
84-->[com.firebaseui:firebase-ui-auth:4.3.1] AndroidManifest.xml:25:13-37
85            android:label=""
85-->[com.firebaseui:firebase-ui-auth:4.3.1] AndroidManifest.xml:26:13-29
86            android:theme="@style/FirebaseUI.Transparent" />
86-->[com.firebaseui:firebase-ui-auth:4.3.1] AndroidManifest.xml:27:13-58
87        <activity
87-->[com.firebaseui:firebase-ui-auth:4.3.1] AndroidManifest.xml:28:9-32:61
88            android:name="com.firebase.ui.auth.ui.idp.SingleSignInActivity"
88-->[com.firebaseui:firebase-ui-auth:4.3.1] AndroidManifest.xml:29:13-76
89            android:exported="false"
89-->[com.firebaseui:firebase-ui-auth:4.3.1] AndroidManifest.xml:30:13-37
90            android:label=""
90-->[com.firebaseui:firebase-ui-auth:4.3.1] AndroidManifest.xml:31:13-29
91            android:theme="@style/FirebaseUI.Transparent" />
91-->[com.firebaseui:firebase-ui-auth:4.3.1] AndroidManifest.xml:32:13-58
92        <activity
92-->[com.firebaseui:firebase-ui-auth:4.3.1] AndroidManifest.xml:33:9-37:61
93            android:name="com.firebase.ui.auth.ui.credentials.CredentialSaveActivity"
93-->[com.firebaseui:firebase-ui-auth:4.3.1] AndroidManifest.xml:34:13-86
94            android:exported="false"
94-->[com.firebaseui:firebase-ui-auth:4.3.1] AndroidManifest.xml:35:13-37
95            android:label=""
95-->[com.firebaseui:firebase-ui-auth:4.3.1] AndroidManifest.xml:36:13-29
96            android:theme="@style/FirebaseUI.Transparent" />
96-->[com.firebaseui:firebase-ui-auth:4.3.1] AndroidManifest.xml:37:13-58
97        <activity
97-->[com.firebaseui:firebase-ui-auth:4.3.1] AndroidManifest.xml:38:9-42:58
98            android:name="com.firebase.ui.auth.ui.email.RecoverPasswordActivity"
98-->[com.firebaseui:firebase-ui-auth:4.3.1] AndroidManifest.xml:39:13-81
99            android:exported="false"
99-->[com.firebaseui:firebase-ui-auth:4.3.1] AndroidManifest.xml:40:13-37
100            android:label="@string/fui_title_recover_password_activity"
100-->[com.firebaseui:firebase-ui-auth:4.3.1] AndroidManifest.xml:41:13-72
101            android:windowSoftInputMode="adjustResize" />
101-->[com.firebaseui:firebase-ui-auth:4.3.1] AndroidManifest.xml:42:13-55
102        <activity
102-->[com.firebaseui:firebase-ui-auth:4.3.1] AndroidManifest.xml:43:9-47:58
103            android:name="com.firebase.ui.auth.ui.email.EmailActivity"
103-->[com.firebaseui:firebase-ui-auth:4.3.1] AndroidManifest.xml:44:13-71
104            android:exported="false"
104-->[com.firebaseui:firebase-ui-auth:4.3.1] AndroidManifest.xml:45:13-37
105            android:label="@string/fui_sign_in_default"
105-->[com.firebaseui:firebase-ui-auth:4.3.1] AndroidManifest.xml:46:13-56
106            android:windowSoftInputMode="adjustResize" />
106-->[com.firebaseui:firebase-ui-auth:4.3.1] AndroidManifest.xml:47:13-55
107        <activity
107-->[com.firebaseui:firebase-ui-auth:4.3.1] AndroidManifest.xml:48:9-52:77
108            android:name="com.firebase.ui.auth.ui.phone.PhoneActivity"
108-->[com.firebaseui:firebase-ui-auth:4.3.1] AndroidManifest.xml:49:13-71
109            android:exported="false"
109-->[com.firebaseui:firebase-ui-auth:4.3.1] AndroidManifest.xml:50:13-37
110            android:label="@string/fui_sign_in_with_phone_number"
110-->[com.firebaseui:firebase-ui-auth:4.3.1] AndroidManifest.xml:51:13-66
111            android:windowSoftInputMode="adjustResize|stateAlwaysVisible" />
111-->[com.firebaseui:firebase-ui-auth:4.3.1] AndroidManifest.xml:52:13-74
112        <activity
112-->[com.firebaseui:firebase-ui-auth:4.3.1] AndroidManifest.xml:53:9-57:58
113            android:name="com.firebase.ui.auth.ui.idp.WelcomeBackIdpPrompt"
113-->[com.firebaseui:firebase-ui-auth:4.3.1] AndroidManifest.xml:54:13-76
114            android:exported="false"
114-->[com.firebaseui:firebase-ui-auth:4.3.1] AndroidManifest.xml:55:13-37
115            android:label="@string/fui_title_welcome_back_idp_prompt"
115-->[com.firebaseui:firebase-ui-auth:4.3.1] AndroidManifest.xml:56:13-70
116            android:windowSoftInputMode="adjustResize" />
116-->[com.firebaseui:firebase-ui-auth:4.3.1] AndroidManifest.xml:57:13-55
117        <activity
117-->[com.firebaseui:firebase-ui-auth:4.3.1] AndroidManifest.xml:58:9-62:58
118            android:name="com.firebase.ui.auth.ui.email.WelcomeBackPasswordPrompt"
118-->[com.firebaseui:firebase-ui-auth:4.3.1] AndroidManifest.xml:59:13-83
119            android:exported="false"
119-->[com.firebaseui:firebase-ui-auth:4.3.1] AndroidManifest.xml:60:13-37
120            android:label="@string/fui_title_welcome_back_password_prompt"
120-->[com.firebaseui:firebase-ui-auth:4.3.1] AndroidManifest.xml:61:13-75
121            android:windowSoftInputMode="adjustResize" />
121-->[com.firebaseui:firebase-ui-auth:4.3.1] AndroidManifest.xml:62:13-55
122        <activity
122-->[com.firebaseui:firebase-ui-auth:4.3.1] AndroidManifest.xml:63:9-67:58
123            android:name="com.firebase.ui.auth.ui.email.WelcomeBackEmailLinkPrompt"
123-->[com.firebaseui:firebase-ui-auth:4.3.1] AndroidManifest.xml:64:13-84
124            android:exported="false"
124-->[com.firebaseui:firebase-ui-auth:4.3.1] AndroidManifest.xml:65:13-37
125            android:label="@string/fui_title_welcome_back_password_prompt"
125-->[com.firebaseui:firebase-ui-auth:4.3.1] AndroidManifest.xml:66:13-75
126            android:windowSoftInputMode="adjustResize" />
126-->[com.firebaseui:firebase-ui-auth:4.3.1] AndroidManifest.xml:67:13-55
127        <activity
127-->[com.firebaseui:firebase-ui-auth:4.3.1] AndroidManifest.xml:68:9-73:58
128            android:name="com.firebase.ui.auth.ui.email.EmailLinkCatcherActivity"
128-->[com.firebaseui:firebase-ui-auth:4.3.1] AndroidManifest.xml:69:13-82
129            android:exported="false"
129-->[com.firebaseui:firebase-ui-auth:4.3.1] AndroidManifest.xml:70:13-37
130            android:label=""
130-->[com.firebaseui:firebase-ui-auth:4.3.1] AndroidManifest.xml:71:13-29
131            android:theme="@style/FirebaseUI.Transparent"
131-->[com.firebaseui:firebase-ui-auth:4.3.1] AndroidManifest.xml:72:13-58
132            android:windowSoftInputMode="adjustResize" />
132-->[com.firebaseui:firebase-ui-auth:4.3.1] AndroidManifest.xml:73:13-55
133        <activity
133-->[com.firebaseui:firebase-ui-auth:4.3.1] AndroidManifest.xml:74:9-78:58
134            android:name="com.firebase.ui.auth.ui.email.EmailLinkErrorRecoveryActivity"
134-->[com.firebaseui:firebase-ui-auth:4.3.1] AndroidManifest.xml:75:13-88
135            android:exported="false"
135-->[com.firebaseui:firebase-ui-auth:4.3.1] AndroidManifest.xml:76:13-37
136            android:label="@string/fui_sign_in_default"
136-->[com.firebaseui:firebase-ui-auth:4.3.1] AndroidManifest.xml:77:13-56
137            android:windowSoftInputMode="adjustResize" />
137-->[com.firebaseui:firebase-ui-auth:4.3.1] AndroidManifest.xml:78:13-55
138        <activity
138-->[com.firebaseui:firebase-ui-auth:4.3.1] AndroidManifest.xml:79:9-82:65
139            android:name="com.firebase.ui.auth.ui.idp.AuthMethodPickerActivity"
139-->[com.firebaseui:firebase-ui-auth:4.3.1] AndroidManifest.xml:80:13-80
140            android:exported="false"
140-->[com.firebaseui:firebase-ui-auth:4.3.1] AndroidManifest.xml:81:13-37
141            android:label="@string/fui_default_toolbar_title" />
141-->[com.firebaseui:firebase-ui-auth:4.3.1] AndroidManifest.xml:82:13-62
142        <activity
142-->[com.firebaseui:firebase-ui-auth:4.3.1] AndroidManifest.xml:83:9-87:48
143            android:name="com.facebook.FacebookActivity"
143-->[com.firebaseui:firebase-ui-auth:4.3.1] AndroidManifest.xml:84:13-57
144            android:configChanges="keyboard|keyboardHidden|screenLayout|screenSize|orientation"
144-->[com.firebaseui:firebase-ui-auth:4.3.1] AndroidManifest.xml:85:13-96
145            android:label="@string/app_name" />
145-->[com.firebaseui:firebase-ui-auth:4.3.1] AndroidManifest.xml:86:13-45
146        <activity
146-->[com.firebaseui:firebase-ui-auth:4.3.1] AndroidManifest.xml:88:9-100:20
147            android:name="com.facebook.CustomTabActivity"
147-->[com.firebaseui:firebase-ui-auth:4.3.1] AndroidManifest.xml:89:13-58
148            android:exported="true" >
148-->[com.firebaseui:firebase-ui-auth:4.3.1] AndroidManifest.xml:90:13-36
149            <intent-filter>
149-->[com.firebaseui:firebase-ui-auth:4.3.1] AndroidManifest.xml:92:13-99:29
150                <action android:name="android.intent.action.VIEW" />
150-->[com.firebaseui:firebase-ui-auth:4.3.1] AndroidManifest.xml:93:17-69
150-->[com.firebaseui:firebase-ui-auth:4.3.1] AndroidManifest.xml:93:25-66
151
152                <category android:name="android.intent.category.DEFAULT" />
152-->[com.firebaseui:firebase-ui-auth:4.3.1] AndroidManifest.xml:95:17-76
152-->[com.firebaseui:firebase-ui-auth:4.3.1] AndroidManifest.xml:95:27-73
153                <category android:name="android.intent.category.BROWSABLE" />
153-->[com.firebaseui:firebase-ui-auth:4.3.1] AndroidManifest.xml:96:17-78
153-->[com.firebaseui:firebase-ui-auth:4.3.1] AndroidManifest.xml:96:27-75
154
155                <data android:scheme="@string/facebook_login_protocol_scheme" />
155-->[com.firebaseui:firebase-ui-auth:4.3.1] AndroidManifest.xml:98:17-81
155-->[com.firebaseui:firebase-ui-auth:4.3.1] AndroidManifest.xml:98:23-78
156            </intent-filter>
157        </activity>
158
159        <provider
159-->[com.firebaseui:firebase-ui-auth:4.3.1] AndroidManifest.xml:102:9-106:38
160            android:name="com.firebase.ui.auth.data.client.AuthUiInitProvider"
160-->[com.firebaseui:firebase-ui-auth:4.3.1] AndroidManifest.xml:103:13-79
161            android:authorities="org.insbaixcamp.projectem13.authuiinitprovider"
161-->[com.firebaseui:firebase-ui-auth:4.3.1] AndroidManifest.xml:104:13-70
162            android:exported="false"
162-->[com.firebaseui:firebase-ui-auth:4.3.1] AndroidManifest.xml:105:13-37
163            android:initOrder="90" /> <!-- Needs to be explicitly declared on P+ -->
163-->[com.firebaseui:firebase-ui-auth:4.3.1] AndroidManifest.xml:106:13-35
164        <uses-library
164-->[com.google.android.gms:play-services-maps:17.0.0] AndroidManifest.xml:33:9-35:40
165            android:name="org.apache.http.legacy"
165-->[com.google.android.gms:play-services-maps:17.0.0] AndroidManifest.xml:34:13-50
166            android:required="false" />
166-->[com.google.android.gms:play-services-maps:17.0.0] AndroidManifest.xml:35:13-37
167
168        <service
168-->[com.google.firebase:firebase-storage:19.1.1] AndroidManifest.xml:30:9-36:19
169            android:name="com.google.firebase.components.ComponentDiscoveryService"
169-->[com.google.firebase:firebase-storage:19.1.1] AndroidManifest.xml:31:13-84
170            android:directBootAware="true"
170-->[com.google.firebase:firebase-common:19.3.0] AndroidManifest.xml:34:13-43
171            android:exported="false" >
171-->[com.google.firebase:firebase-storage:19.1.1] AndroidManifest.xml:32:13-37
172            <meta-data
172-->[com.google.firebase:firebase-storage:19.1.1] AndroidManifest.xml:33:13-35:85
173                android:name="com.google.firebase.components:com.google.firebase.storage.StorageRegistrar"
173-->[com.google.firebase:firebase-storage:19.1.1] AndroidManifest.xml:34:17-107
174                android:value="com.google.firebase.components.ComponentRegistrar" />
174-->[com.google.firebase:firebase-storage:19.1.1] AndroidManifest.xml:35:17-82
175            <meta-data
175-->[com.google.firebase:firebase-firestore:21.4.3] AndroidManifest.xml:20:13-22:85
176                android:name="com.google.firebase.components:com.google.firebase.firestore.FirestoreRegistrar"
176-->[com.google.firebase:firebase-firestore:21.4.3] AndroidManifest.xml:21:17-111
177                android:value="com.google.firebase.components.ComponentRegistrar" />
177-->[com.google.firebase:firebase-firestore:21.4.3] AndroidManifest.xml:22:17-82
178            <meta-data
178-->[com.google.firebase:firebase-auth:19.3.1] AndroidManifest.xml:36:13-38:85
179                android:name="com.google.firebase.components:com.google.firebase.auth.FirebaseAuthRegistrar"
179-->[com.google.firebase:firebase-auth:19.3.1] AndroidManifest.xml:37:17-109
180                android:value="com.google.firebase.components.ComponentRegistrar" />
180-->[com.google.firebase:firebase-auth:19.3.1] AndroidManifest.xml:38:17-82
181            <meta-data
181-->[com.google.android.gms:play-services-measurement-api:17.4.2] AndroidManifest.xml:30:13-32:85
182                android:name="com.google.firebase.components:com.google.firebase.analytics.connector.internal.AnalyticsConnectorRegistrar"
182-->[com.google.android.gms:play-services-measurement-api:17.4.2] AndroidManifest.xml:31:17-139
183                android:value="com.google.firebase.components.ComponentRegistrar" />
183-->[com.google.android.gms:play-services-measurement-api:17.4.2] AndroidManifest.xml:32:17-82
184            <meta-data
184-->[com.google.firebase:firebase-iid:20.1.5] AndroidManifest.xml:32:13-34:85
185                android:name="com.google.firebase.components:com.google.firebase.iid.Registrar"
185-->[com.google.firebase:firebase-iid:20.1.5] AndroidManifest.xml:33:17-96
186                android:value="com.google.firebase.components.ComponentRegistrar" />
186-->[com.google.firebase:firebase-iid:20.1.5] AndroidManifest.xml:34:17-82
187            <meta-data
187-->[com.google.firebase:firebase-installations:16.2.1] AndroidManifest.xml:17:13-19:85
188                android:name="com.google.firebase.components:com.google.firebase.installations.FirebaseInstallationsRegistrar"
188-->[com.google.firebase:firebase-installations:16.2.1] AndroidManifest.xml:18:17-127
189                android:value="com.google.firebase.components.ComponentRegistrar" />
189-->[com.google.firebase:firebase-installations:16.2.1] AndroidManifest.xml:19:17-82
190        </service>
191
192        <activity
192-->[com.google.android.gms:play-services-auth:18.0.0] AndroidManifest.xml:23:9-27:75
193            android:name="com.google.android.gms.auth.api.signin.internal.SignInHubActivity"
193-->[com.google.android.gms:play-services-auth:18.0.0] AndroidManifest.xml:24:13-93
194            android:excludeFromRecents="true"
194-->[com.google.android.gms:play-services-auth:18.0.0] AndroidManifest.xml:25:13-46
195            android:exported="false"
195-->[com.google.android.gms:play-services-auth:18.0.0] AndroidManifest.xml:26:13-37
196            android:theme="@android:style/Theme.Translucent.NoTitleBar" />
196-->[com.google.android.gms:play-services-auth:18.0.0] AndroidManifest.xml:27:13-72
197        <!--
198            Service handling Google Sign-In user revocation. For apps that do not integrate with
199            Google Sign-In, this service will never be started.
200        -->
201        <service
201-->[com.google.android.gms:play-services-auth:18.0.0] AndroidManifest.xml:33:9-36:110
202            android:name="com.google.android.gms.auth.api.signin.RevocationBoundService"
202-->[com.google.android.gms:play-services-auth:18.0.0] AndroidManifest.xml:34:13-89
203            android:exported="true"
203-->[com.google.android.gms:play-services-auth:18.0.0] AndroidManifest.xml:35:13-36
204            android:permission="com.google.android.gms.auth.api.signin.permission.REVOCATION_NOTIFICATION" />
204-->[com.google.android.gms:play-services-auth:18.0.0] AndroidManifest.xml:36:13-107
205
206        <activity
206-->[com.google.firebase:firebase-auth:19.3.1] AndroidManifest.xml:24:9-31:50
207            android:name="com.google.firebase.auth.internal.FederatedSignInActivity"
207-->[com.google.firebase:firebase-auth:19.3.1] AndroidManifest.xml:25:13-85
208            android:excludeFromRecents="true"
208-->[com.google.firebase:firebase-auth:19.3.1] AndroidManifest.xml:26:13-46
209            android:exported="true"
209-->[com.google.firebase:firebase-auth:19.3.1] AndroidManifest.xml:27:13-36
210            android:launchMode="singleTask"
210-->[com.google.firebase:firebase-auth:19.3.1] AndroidManifest.xml:28:13-44
211            android:permission="com.google.firebase.auth.api.gms.permission.LAUNCH_FEDERATED_SIGN_IN"
211-->[com.google.firebase:firebase-auth:19.3.1] AndroidManifest.xml:29:13-102
212            android:theme="@android:style/Theme.Translucent.NoTitleBar" />
212-->[com.google.firebase:firebase-auth:19.3.1] AndroidManifest.xml:30:13-72
213
214        <receiver
214-->[com.google.firebase:firebase-iid:20.1.5] AndroidManifest.xml:37:9-44:20
215            android:name="com.google.firebase.iid.FirebaseInstanceIdReceiver"
215-->[com.google.firebase:firebase-iid:20.1.5] AndroidManifest.xml:38:13-78
216            android:exported="true"
216-->[com.google.firebase:firebase-iid:20.1.5] AndroidManifest.xml:39:13-36
217            android:permission="com.google.android.c2dm.permission.SEND" >
217-->[com.google.firebase:firebase-iid:20.1.5] AndroidManifest.xml:40:13-73
218            <intent-filter>
218-->[com.google.firebase:firebase-iid:20.1.5] AndroidManifest.xml:41:13-43:29
219                <action android:name="com.google.android.c2dm.intent.RECEIVE" />
219-->[com.google.firebase:firebase-iid:20.1.5] AndroidManifest.xml:42:17-81
219-->[com.google.firebase:firebase-iid:20.1.5] AndroidManifest.xml:42:25-78
220            </intent-filter>
221        </receiver>
222
223        <activity
223-->[com.google.android.gms:play-services-base:17.1.0] AndroidManifest.xml:23:9-26:75
224            android:name="com.google.android.gms.common.api.GoogleApiActivity"
224-->[com.google.android.gms:play-services-base:17.1.0] AndroidManifest.xml:24:13-79
225            android:exported="false"
225-->[com.google.android.gms:play-services-base:17.1.0] AndroidManifest.xml:25:13-37
226            android:theme="@android:style/Theme.Translucent.NoTitleBar" />
226-->[com.google.android.gms:play-services-base:17.1.0] AndroidManifest.xml:26:13-72
227
228        <provider
228-->[com.google.firebase:firebase-common:19.3.0] AndroidManifest.xml:26:9-30:39
229            android:name="com.google.firebase.provider.FirebaseInitProvider"
229-->[com.google.firebase:firebase-common:19.3.0] AndroidManifest.xml:27:13-77
230            android:authorities="org.insbaixcamp.projectem13.firebaseinitprovider"
230-->[com.google.firebase:firebase-common:19.3.0] AndroidManifest.xml:28:13-72
231            android:exported="false"
231-->[com.google.firebase:firebase-common:19.3.0] AndroidManifest.xml:29:13-37
232            android:initOrder="100" />
232-->[com.google.firebase:firebase-common:19.3.0] AndroidManifest.xml:30:13-36
233
234        <receiver
234-->[com.google.android.gms:play-services-measurement:17.4.2] AndroidManifest.xml:29:9-33:20
235            android:name="com.google.android.gms.measurement.AppMeasurementReceiver"
235-->[com.google.android.gms:play-services-measurement:17.4.2] AndroidManifest.xml:30:13-85
236            android:enabled="true"
236-->[com.google.android.gms:play-services-measurement:17.4.2] AndroidManifest.xml:31:13-35
237            android:exported="false" >
237-->[com.google.android.gms:play-services-measurement:17.4.2] AndroidManifest.xml:32:13-37
238        </receiver>
239
240        <service
240-->[com.google.android.gms:play-services-measurement:17.4.2] AndroidManifest.xml:35:9-38:40
241            android:name="com.google.android.gms.measurement.AppMeasurementService"
241-->[com.google.android.gms:play-services-measurement:17.4.2] AndroidManifest.xml:36:13-84
242            android:enabled="true"
242-->[com.google.android.gms:play-services-measurement:17.4.2] AndroidManifest.xml:37:13-35
243            android:exported="false" />
243-->[com.google.android.gms:play-services-measurement:17.4.2] AndroidManifest.xml:38:13-37
244        <service
244-->[com.google.android.gms:play-services-measurement:17.4.2] AndroidManifest.xml:39:9-43:72
245            android:name="com.google.android.gms.measurement.AppMeasurementJobService"
245-->[com.google.android.gms:play-services-measurement:17.4.2] AndroidManifest.xml:40:13-87
246            android:enabled="true"
246-->[com.google.android.gms:play-services-measurement:17.4.2] AndroidManifest.xml:41:13-35
247            android:exported="false"
247-->[com.google.android.gms:play-services-measurement:17.4.2] AndroidManifest.xml:42:13-37
248            android:permission="android.permission.BIND_JOB_SERVICE" />
248-->[com.google.android.gms:play-services-measurement:17.4.2] AndroidManifest.xml:43:13-69
249
250        <provider
250-->[androidx.lifecycle:lifecycle-process:2.2.0] AndroidManifest.xml:25:9-29:43
251            android:name="androidx.lifecycle.ProcessLifecycleOwnerInitializer"
251-->[androidx.lifecycle:lifecycle-process:2.2.0] AndroidManifest.xml:26:13-79
252            android:authorities="org.insbaixcamp.projectem13.lifecycle-process"
252-->[androidx.lifecycle:lifecycle-process:2.2.0] AndroidManifest.xml:27:13-69
253            android:exported="false"
253-->[androidx.lifecycle:lifecycle-process:2.2.0] AndroidManifest.xml:28:13-37
254            android:multiprocess="true" />
254-->[androidx.lifecycle:lifecycle-process:2.2.0] AndroidManifest.xml:29:13-40
255    </application>
256
257</manifest>